\BOOKMARK [1][-]{section.0}{\376\377\000E\000l\001\121\000k\000\351\000s\000z\000\374\000l\000e\000t\000e\000k}{}% 1
\BOOKMARK [2][-]{subsection.0.1}{\376\377\000S\000z\000\374\000k\000s\000\351\000g\000e\000s\000\040\000k\000\366\000n\000y\000v\000t\000\341\000r\000a\000k\000\040\000i\000m\000p\000o\000r\000t\000\341\000l\000\341\000s\000a}{section.0}% 2
\BOOKMARK [2][-]{subsection.0.2}{\376\377\000A\000d\000a\000t\000o\000k\000\040\000b\000e\000o\000l\000v\000a\000s\000\341\000s\000a}{section.0}% 3
\BOOKMARK [1][-]{section.1}{\376\377\000B\000e\000c\000s\000l\000\351\000s\000e\000k}{}% 4
\BOOKMARK [2][-]{subsection.1.1}{\376\377\000A\000z\000\040\000e\000g\000y\000\374\000t\000t\000h\000a\000t\000\363\000k\000\040\000p\000o\000n\000t\000b\000e\000c\000s\000l\000\351\000s\000e}{section.1}% 5
\BOOKMARK [3][-]{subsubsection.1.1.1}{\376\377\000R\000e\000g\000r\000e\000s\000s\000z\000i\000\363\000s\000\040\000e\000g\000y\000\374\000t\000t\000h\000a\000t\000\363\000k\000\040\000p\000o\000n\000t\000b\000e\000c\000s\000l\000\351\000s\000e}{subsection.1.1}% 6
\BOOKMARK [3][-]{subsubsection.1.1.2}{\376\377\000S\000t\000a\000n\000d\000a\000r\000d\000i\000z\000\341\000l\000t\000\040\000r\000e\000g\000r\000e\000s\000s\000z\000i\000\363\000s\000\040\000e\000g\000y\000\374\000t\000t\000h\000a\000t\000\363\000k\000\040\000p\000o\000n\000t\000b\000e\000c\000s\000l\000\351\000s\000e}{subsection.1.1}% 7
\BOOKMARK [3][-]{subsubsection.1.1.3}{\376\377\000L\000i\000n\000e\000\341\000r\000i\000s\000\040\000m\000o\000d\000e\000l\000l\000:}{subsection.1.1}% 8
\BOOKMARK [3][-]{subsubsection.1.1.4}{\376\377\000E\000r\000e\000d\000m\000\351\000n\000y\000e\000k\000\040\000\351\000r\000t\000e\000l\000m\000e\000z\000\351\000s\000e}{subsection.1.1}% 9
\BOOKMARK [2][-]{subsection.1.2}{\376\377\000E\000l\001\121\000r\000e\000j\000e\000l\000z\000\351\000s\000\040\000k\000\351\000s\000z\000\355\000t\000\351\000s\000e}{section.1}% 10
\BOOKMARK [2][-]{subsection.1.3}{\376\377\000K\000o\000n\000f\000i\000d\000e\000n\000c\000i\000a\000i\000n\000t\000e\000r\000v\000a\000l\000l\000u\000m\000\040\000a\000z\000\040\000e\000g\000y\000\374\000t\000t\000h\000a\000t\000\363\000k\000r\000a}{section.1}% 11
\BOOKMARK [3][-]{subsubsection.1.3.1}{\376\377\000K\000\363\000d\000\040\000\351\000s\000\040\000e\000r\000e\000d\000m\000\351\000n\000y}{subsection.1.3}% 12
\BOOKMARK [3][-]{subsubsection.1.3.2}{\376\377\000E\000r\000e\000d\000m\000\351\000n\000y\000e\000k\000\040\000\351\000r\000t\000e\000l\000m\000e\000z\000\351\000s\000e}{subsection.1.3}% 13
\BOOKMARK [2][-]{subsection.1.4}{\376\377\000E\000l\001\121\000r\000e\000j\000e\000l\000z\000\351\000s\000i\000\040\000i\000n\000t\000e\000r\000v\000a\000l\000l\000u\000m}{section.1}% 14
\BOOKMARK [1][-]{section.2}{\376\377\000I\000l\000l\000e\000s\000z\000k\000e\000d\000\351\000s\000d\000i\000a\000g\000n\000o\000s\000z\000t\000i\000k\000a}{}% 15
\BOOKMARK [2][-]{subsection.2.1}{\376\377\000D\000e\000t\000e\000r\000m\000i\000n\000\341\000c\000i\000\363\000s\000\040\000e\000g\000y\000\374\000t\000t\000h\000a\000t\000\363\000\040\000\050\000R\000\262\000\051\000\040\000\351\000s\000\040\000k\000o\000r\000r\000i\000g\000\341\000l\000t\000\040\000R\000\262}{section.2}% 16
\BOOKMARK [3][-]{subsubsection.2.1.1}{\376\377\000K\000\363\000d\000\040\000\351\000s\000\040\000e\000r\000e\000d\000m\000\351\000n\000y\000e\000k}{subsection.2.1}% 17
\BOOKMARK [3][-]{subsubsection.2.1.2}{\376\377\000\311\000r\000t\000e\000l\000m\000e\000z\000\351\000s}{subsection.2.1}% 18
\BOOKMARK [1][-]{section.3}{\376\377\000M\000o\000d\000e\000l\000l\000d\000i\000a\000g\000n\000o\000s\000z\000t\000i\000k\000a}{}% 19
\BOOKMARK [2][-]{subsection.3.1}{\376\377\000M\000o\000d\000e\000l\000l\000d\000i\000a\000g\000n\000o\000s\000z\000t\000i\000k\000a\000i\000\040\000t\000e\000s\000z\000t\000e\000k}{section.3}% 20
\BOOKMARK [3][-]{subsubsection.3.1.1}{\376\377\000K\000\363\000d\000\040\000\351\000s\000\040\000e\000r\000e\000d\000m\000\351\000n\000y\000e\000k}{subsection.3.1}% 21
\BOOKMARK [3][-]{subsubsection.3.1.2}{\376\377\000\311\000r\000t\000e\000l\000m\000e\000z\000\351\000s}{subsection.3.1}% 22
\BOOKMARK [2][-]{subsection.3.2}{\376\377\000V\000\341\000l\000t\000o\000z\000\363\000k\000\040\000s\000z\000i\000g\000n\000i\000f\000i\000k\000a\000n\000c\000i\000\341\000j\000\341\000n\000a\000k\000\040\000t\000e\000s\000z\000t\000e\000l\000\351\000s\000e}{section.3}% 23
\BOOKMARK [3][-]{subsubsection.3.2.1}{\376\377\000K\000\363\000d\000\040\000\351\000s\000\040\000e\000r\000e\000d\000m\000\351\000n\000y\000e\000k}{subsection.3.2}% 24
\BOOKMARK [3][-]{subsubsection.3.2.2}{\376\377\000\311\000r\000t\000e\000l\000m\000e\000z\000\351\000s}{subsection.3.2}% 25
\BOOKMARK [2][-]{subsection.3.3}{\376\377\000M\000u\000l\000t\000i\000k\000o\000l\000l\000i\000n\000e\000a\000r\000i\000t\000\341\000s\000\040\000v\000i\000z\000s\000g\000\341\000l\000a\000t\000a}{section.3}% 26
\BOOKMARK [3][-]{subsubsection.3.3.1}{\376\377\000K\000\363\000d\000\040\000\351\000s\000\040\000e\000r\000e\000d\000m\000\351\000n\000y\000e\000k}{subsection.3.3}% 27
\BOOKMARK [3][-]{subsubsection.3.3.2}{\376\377\000\311\000r\000t\000e\000l\000m\000e\000z\000\351\000s}{subsection.3.3}% 28
\BOOKMARK [2][-]{subsection.3.4}{\376\377\000H\000i\000b\000a\000t\000a\000g\000o\000k\000\040\000v\000i\000z\000s\000g\000\341\000l\000a\000t\000a}{section.3}% 29
\BOOKMARK [3][-]{subsubsection.3.4.1}{\376\377\000K\000\363\000d\000\040\000\351\000s\000\040\000e\000r\000e\000d\000m\000\351\000n\000y\000e\000k}{subsection.3.4}% 30
\BOOKMARK [3][-]{subsubsection.3.4.2}{\376\377\000\311\000r\000t\000e\000l\000m\000e\000z\000\351\000s}{subsection.3.4}% 31
