\BOOKMARK [1][-]{section.0}{\376\377\000E\000l\001\121\000k\000\351\000s\000z\000\374\000l\000e\000t\000e\000k}{}% 1
\BOOKMARK [2][-]{subsection.0.1}{\376\377\000S\000z\000\374\000k\000s\000\351\000g\000e\000s\000\040\000k\000\366\000n\000y\000v\000t\000\341\000r\000a\000k\000\040\000i\000m\000p\000o\000r\000t\000\341\000l\000\341\000s\000a}{section.0}% 2
\BOOKMARK [2][-]{subsection.0.2}{\376\377\000A\000d\000a\000t\000o\000k\000\040\000b\000e\000o\000l\000v\000a\000s\000\341\000s\000a}{section.0}% 3
\BOOKMARK [1][-]{section.1}{\376\377\000D\000e\000t\000e\000r\000m\000i\000n\000i\000s\000z\000t\000i\000k\000u\000s\000\040\000m\000o\000d\000e\000l\000l\000\040\000i\000l\000l\000e\000s\000z\000t\000\351\000s\000e}{}% 4
\BOOKMARK [2][-]{subsection.1.1}{\376\377\000K\000\363\000d\000\040\000\351\000s\000\040\000e\000r\000e\000d\000m\000\351\000n\000y\000e\000k}{section.1}% 5
\BOOKMARK [2][-]{subsection.1.2}{\376\377\000\311\000r\000t\000e\000l\000m\000e\000z\000\351\000s\000\040\003\265\000\040\000=\000\040\0000\000.\0000\0005\000\040\000s\000z\000i\000g\000n\000i\000f\000i\000k\000a\000n\000c\000i\000a\000s\000z\000i\000n\000t\000\040\000m\000e\000l\000l\000e\000t\000t}{section.1}% 6
\BOOKMARK [3][-]{subsubsection.1.2.1}{\376\377\000M\000o\000d\000e\000l\000l\000v\000\341\000l\000a\000s\000z\000t\000\341\000s}{subsection.1.2}% 7
\BOOKMARK [3][-]{subsubsection.1.2.2}{\376\377\000V\000\341\000r\000h\000a\000t\000\363\000\040\000\351\000r\000t\000\351\000k\000\040\000v\000i\000z\000s\000g\000\341\000l\000a\000t\000a}{subsection.1.2}% 8
\BOOKMARK [3][-]{subsubsection.1.2.3}{\376\377\000N\000o\000r\000m\000a\000l\000i\000t\000\341\000s\000\040\000v\000i\000z\000s\000g\000\341\000l\000a\000t\000a\000\040\000\050\000S\000h\000a\000p\000i\000r\000o\000-\000W\000i\000l\000k\000\040\000t\000e\000s\000z\000t\000\051}{subsection.1.2}% 9
\BOOKMARK [3][-]{subsubsection.1.2.4}{\376\377\000F\000\374\000g\000g\000e\000t\000l\000e\000n\000s\000\351\000g\000\040\000v\000i\000z\000s\000g\000\341\000l\000a\000t\000a\000\040\000\050\000D\000u\000r\000b\000i\000n\000-\000W\000a\000t\000s\000o\000n\000\040\000t\000e\000s\000z\000t\000\051}{subsection.1.2}% 10
\BOOKMARK [3][-]{subsubsection.1.2.5}{\376\377\000H\000o\000m\000o\000s\000z\000k\000e\000d\000a\000s\000z\000t\000i\000c\000i\000t\000\341\000s\000\040\000v\000i\000z\000s\000g\000\341\000l\000a\000t\000a\000\040\000\050\000B\000r\000e\000u\000s\000c\000h\000-\000P\000a\000g\000a\000n\000\040\000t\000e\000s\000z\000t\000\051}{subsection.1.2}% 11
\BOOKMARK [3][-]{subsubsection.1.2.6}{\376\377\000\326\000s\000s\000z\000e\000f\000o\000g\000l\000a\000l\000\363\000\040\000\351\000r\000t\000\351\000k\000e\000l\000\351\000s}{subsection.1.2}% 12
\BOOKMARK [1][-]{section.2}{\376\377\000E\000x\000p\000o\000n\000e\000n\000c\000i\000\341\000l\000i\000s\000\040\000s\000i\000m\000\355\000t\000\341\000s\000\040\000a\000l\000k\000a\000l\000m\000a\000z\000\341\000s\000a}{}% 13
\BOOKMARK [2][-]{subsection.2.1}{\376\377\000K\000\363\000d\000\040\000\351\000s\000\040\000e\000r\000e\000d\000m\000\351\000n\000y\000e\000k}{section.2}% 14
\BOOKMARK [2][-]{subsection.2.2}{\376\377\000E\000x\000p\000o\000n\000e\000n\000c\000i\000\341\000l\000i\000s\000\040\000s\000i\000m\000\355\000t\000\341\000s\000\040\000e\000r\000e\000d\000m\000\351\000n\000y\000e\000i}{section.2}% 15
\BOOKMARK [3][-]{subsubsection.2.2.1}{\376\377\000M\000o\000d\000e\000l\000l\000\040\000s\000p\000e\000c\000i\000f\000i\000k\000\341\000c\000i\000\363\000k}{subsection.2.2}% 16
\BOOKMARK [3][-]{subsubsection.2.2.2}{\376\377\000I\000l\000l\000e\000s\000z\000k\000e\000d\000\351\000s\000i\000\040\000m\000u\000t\000a\000t\000\363\000k}{subsection.2.2}% 17
\BOOKMARK [2][-]{subsection.2.3}{\376\377\000H\000i\000b\000a\000t\000a\000g\000o\000k\000\040\000t\000u\000l\000a\000j\000d\000o\000n\000s\000\341\000g\000a\000i\000n\000a\000k\000\040\000v\000i\000z\000s\000g\000\341\000l\000a\000t\000a\000\040\003\265\000\040\000=\000\040\0000\000.\0000\0005\000\040\000s\000z\000i\000g\000n\000i\000f\000i\000k\000a\000n\000c\000i\000a\000s\000z\000i\000n\000t\000\040\000m\000e\000l\000l\000e\000t\000t}{section.2}% 18
\BOOKMARK [3][-]{subsubsection.2.3.1}{\376\377\000V\000\341\000r\000h\000a\000t\000\363\000\040\000\351\000r\000t\000\351\000k\000\040\000v\000i\000z\000s\000g\000\341\000l\000a\000t\000a}{subsection.2.3}% 19
\BOOKMARK [3][-]{subsubsection.2.3.2}{\376\377\000N\000o\000r\000m\000a\000l\000i\000t\000\341\000s\000\040\000v\000i\000z\000s\000g\000\341\000l\000a\000t\000a\000\040\000\050\000S\000h\000a\000p\000i\000r\000o\000-\000W\000i\000l\000k\000\040\000t\000e\000s\000z\000t\000\051}{subsection.2.3}% 20
\BOOKMARK [3][-]{subsubsection.2.3.3}{\376\377\000F\000\374\000g\000g\000e\000t\000l\000e\000n\000s\000\351\000g\000\040\000v\000i\000z\000s\000g\000\341\000l\000a\000t\000a\000\040\000\050\000D\000u\000r\000b\000i\000n\000-\000W\000a\000t\000s\000o\000n\000\040\000t\000e\000s\000z\000t\000\051}{subsection.2.3}% 21
\BOOKMARK [3][-]{subsubsection.2.3.4}{\376\377\000H\000o\000m\000o\000s\000z\000k\000e\000d\000a\000s\000z\000t\000i\000c\000i\000t\000\341\000s\000\040\000v\000i\000z\000s\000g\000\341\000l\000a\000t\000a\000\040\000\050\000B\000r\000e\000u\000s\000c\000h\000-\000P\000a\000g\000a\000n\000\040\000t\000e\000s\000z\000t\000\051}{subsection.2.3}% 22
\BOOKMARK [2][-]{subsection.2.4}{\376\377\000\326\000s\000s\000z\000e\000f\000o\000g\000l\000a\000l\000\363\000\040\000\351\000r\000t\000\351\000k\000e\000l\000\351\000s}{section.2}% 23
\BOOKMARK [1][-]{section.3}{\376\377\000B\000o\000x\000-\000J\000e\000n\000k\000i\000n\000s\000\040\000m\000o\000d\000e\000l\000l}{}% 24
\BOOKMARK [2][-]{subsection.3.1}{\376\377\000K\000\363\000d\000\040\000\351\000s\000\040\000e\000r\000e\000d\000m\000\351\000n\000y\000e\000k}{section.3}% 25
\BOOKMARK [2][-]{subsection.3.2}{\376\377\000\311\000r\000t\000e\000l\000m\000e\000z\000\351\000s\000\040\003\265\000\040\000=\000\040\0000\000.\0000\0005\000\040\000s\000z\000i\000g\000n\000i\000f\000i\000k\000a\000n\000c\000i\000a\000s\000z\000i\000n\000t\000\040\000m\000e\000l\000l\000e\000t\000t}{section.3}% 26
\BOOKMARK [3][-]{subsubsection.3.2.1}{\376\377\000A\000D\000F\000\040\000t\000e\000s\000z\000t\000\040\000e\000r\000e\000d\000m\000\351\000n\000y\000e}{subsection.3.2}% 27
\BOOKMARK [3][-]{subsubsection.3.2.2}{\376\377\000M\000o\000d\000e\000l\000l\000\040\000p\000a\000r\000a\000m\000\351\000t\000e\000r\000e\000k}{subsection.3.2}% 28
\BOOKMARK [3][-]{subsubsection.3.2.3}{\376\377\000P\000a\000r\000a\000m\000\351\000t\000e\000r\000e\000k\000\040\000s\000z\000i\000g\000n\000i\000f\000i\000k\000a\000n\000c\000i\000\341\000j\000a}{subsection.3.2}% 29
\BOOKMARK [3][-]{subsubsection.3.2.4}{\376\377\000M\000o\000d\000e\000l\000l\000\040\000i\000l\000l\000e\000s\000z\000k\000e\000d\000\351\000s\000i\000\040\000m\000u\000t\000a\000t\000\363\000k}{subsection.3.2}% 30
\BOOKMARK [2][-]{subsection.3.3}{\376\377\000H\000i\000b\000a\000t\000a\000g\000o\000k\000\040\000t\000u\000l\000a\000j\000d\000o\000n\000s\000\341\000g\000a\000i\000n\000a\000k\000\040\000v\000i\000z\000s\000g\000\341\000l\000a\000t\000a}{section.3}% 31
\BOOKMARK [3][-]{subsubsection.3.3.1}{\376\377\000V\000\341\000r\000h\000a\000t\000\363\000\040\000\351\000r\000t\000\351\000k\000\040\000v\000i\000z\000s\000g\000\341\000l\000a\000t\000a}{subsection.3.3}% 32
\BOOKMARK [3][-]{subsubsection.3.3.2}{\376\377\000N\000o\000r\000m\000a\000l\000i\000t\000\341\000s\000\040\000v\000i\000z\000s\000g\000\341\000l\000a\000t\000a\000\040\000\050\000S\000h\000a\000p\000i\000r\000o\000-\000W\000i\000l\000k\000\040\000t\000e\000s\000z\000t\000\051}{subsection.3.3}% 33
\BOOKMARK [3][-]{subsubsection.3.3.3}{\376\377\000F\000\374\000g\000g\000e\000t\000l\000e\000n\000s\000\351\000g\000\040\000v\000i\000z\000s\000g\000\341\000l\000a\000t\000a\000\040\000\050\000D\000u\000r\000b\000i\000n\000-\000W\000a\000t\000s\000o\000n\000\040\000t\000e\000s\000z\000t\000\051}{subsection.3.3}% 34
\BOOKMARK [3][-]{subsubsection.3.3.4}{\376\377\000H\000o\000m\000o\000s\000z\000k\000e\000d\000a\000s\000z\000t\000i\000c\000i\000t\000\341\000s\000\040\000v\000i\000z\000s\000g\000\341\000l\000a\000t\000a\000\040\000\050\000B\000r\000e\000u\000s\000c\000h\000-\000P\000a\000g\000a\000n\000\040\000t\000e\000s\000z\000t\000\051}{subsection.3.3}% 35
\BOOKMARK [2][-]{subsection.3.4}{\376\377\000\326\000s\000s\000z\000e\000f\000o\000g\000l\000a\000l\000\363\000\040\000\351\000r\000t\000\351\000k\000e\000l\000\351\000s}{section.3}% 36
